<?xml version="1.0" encoding="UTF-8"?>
<testsuites name="Mocha Tests" time="0.625" tests="8" failures="0">
  <testsuite name="Root Suite" timestamp="2024-06-14T09:14:13" tests="0" time="0.000" failures="0">
  </testsuite>
  <testsuite name="ACFusUploader" timestamp="2024-06-14T09:14:13" tests="0" file="/mnt/vss/_work/1/s/appcenter-file-upload-client-node/tests/unit/ac-fus-uploader-tests.ts" time="0.000" failures="0">
  </testsuite>
  <testsuite name="#start" timestamp="2024-06-14T09:14:13" tests="0" file="/mnt/vss/_work/1/s/appcenter-file-upload-client-node/tests/unit/ac-fus-uploader-tests.ts" time="0.000" failures="0">
  </testsuite>
  <testsuite name="When an invalid file is provided" timestamp="2024-06-14T09:14:13" tests="2" file="/mnt/vss/_work/1/s/appcenter-file-upload-client-node/tests/unit/ac-fus-uploader-tests.ts" time="0.009" failures="0">
    <testcase name="ACFusUploader #start When an invalid file is provided Should send a message and return when the file is null" time="0.005" classname="Should send a message and return when the file is null">
    </testcase>
    <testcase name="ACFusUploader #start When an invalid file is provided Should send a message and return when the file is empty" time="0.002" classname="Should send a message and return when the file is empty">
    </testcase>
  </testsuite>
  <testsuite name="When file is valid" timestamp="2024-06-14T09:14:13" tests="1" file="/mnt/vss/_work/1/s/appcenter-file-upload-client-node/tests/unit/ac-fus-uploader-tests.ts" time="0.000" failures="0">
    <testcase name="ACFusUploader #start When file is valid Should be initialized and set metadata" time="0.004" classname="Should be initialized and set metadata">
    </testcase>
  </testsuite>
  <testsuite name="When the POST to upload/set_metadata fails" timestamp="2024-06-14T09:14:13" tests="1" file="/mnt/vss/_work/1/s/appcenter-file-upload-client-node/tests/unit/ac-fus-uploader-tests.ts" time="0.104" failures="0">
    <testcase name="ACFusUploader #start When file is valid When the POST to upload/set_metadata fails Should log an error message and be in failed state" time="0.102" classname="Should log an error message and be in failed state">
    </testcase>
  </testsuite>
  <testsuite name="When the POST to upload/set_metadata succeeds" timestamp="2024-06-14T09:14:13" tests="0" file="/mnt/vss/_work/1/s/appcenter-file-upload-client-node/tests/unit/ac-fus-uploader-tests.ts" time="0.000" failures="0">
  </testsuite>
  <testsuite name="When getting an html document or non-JSON response back" timestamp="2024-06-14T09:14:13" tests="1" file="/mnt/vss/_work/1/s/appcenter-file-upload-client-node/tests/unit/ac-fus-uploader-tests.ts" time="0.503" failures="0">
    <testcase name="ACFusUploader #start When file is valid When the POST to upload/set_metadata succeeds When getting an html document or non-JSON response back Should strip off everything outside the body tags and log an error and be in failed state" time="0.503" classname="Should strip off everything outside the body tags and log an error and be in failed state">
    </testcase>
  </testsuite>
  <testsuite name="When file is already being uploaded" timestamp="2024-06-14T09:14:14" tests="1" file="/mnt/vss/_work/1/s/appcenter-file-upload-client-node/tests/unit/ac-fus-uploader-tests.ts" time="0.003" failures="0">
    <testcase name="ACFusUploader #start When file is valid When file is already being uploaded Should emit a warning and return without updating the file" time="0.001" classname="Should emit a warning and return without updating the file">
    </testcase>
  </testsuite>
  <testsuite name="fetchWithOptions" timestamp="2024-06-14T09:14:14" tests="0" file="/mnt/vss/_work/1/s/appcenter-file-upload-client-node/tests/unit/ac-fus-util-tests.ts" time="0.000" failures="0">
  </testsuite>
  <testsuite name="When proxy is not set" timestamp="2024-06-14T09:14:14" tests="1" file="/mnt/vss/_work/1/s/appcenter-file-upload-client-node/tests/unit/ac-fus-util-tests.ts" time="0.000" failures="0">
    <testcase name="fetchWithOptions When proxy is not set Agent should be null" time="0.000" classname="Agent should be null">
    </testcase>
  </testsuite>
  <testsuite name="When proxy is set" timestamp="2024-06-14T09:14:14" tests="1" file="/mnt/vss/_work/1/s/appcenter-file-upload-client-node/tests/unit/ac-fus-util-tests.ts" time="0.001" failures="0">
    <testcase name="fetchWithOptions When proxy is set Agent should not be null" time="0.001" classname="Agent should not be null">
    </testcase>
  </testsuite>
</testsuites>